<?xml version="1.0" encoding="UTF-8"?>
<!-- Generated by org.testng.reporters.JUnitReportReporter -->
<testsuite hostname="SUHASPAVILION" failures="0" tests="1" name="Parameter.QueryParameterTest" time="4.233" errors="0" timestamp="2022-02-11T14:47:22 IST" skipped="0">
  <testcase classname="Parameter.QueryParameterTest" name="Param" time="4.233"/>
  <system-out/>
</testsuite> <!-- Parameter.QueryParameterTest -->
