<?xml version="1.0" encoding="UTF-8"?>
<!-- Generated by org.testng.reporters.JUnitReportReporter -->
<testsuite hostname="SUHASPAVILION" failures="0" tests="1" name="PracticeCRUDWithoutBDD.GetSingleProject" time="5.864" errors="0" timestamp="2022-02-11T18:15:36 IST" skipped="0">
  <testcase classname="PracticeCRUDWithoutBDD.GetSingleProject" name="getSingleProject" time="5.864"/>
  <system-out/>
</testsuite> <!-- PracticeCRUDWithoutBDD.GetSingleProject -->
