<?xml version="1.0" encoding="UTF-8"?>
<!-- Generated by org.testng.reporters.JUnitReportReporter -->
<testsuite hostname="SUHASPAVILION" failures="0" tests="1" name="PracticeCRUDWithoutBDD.GetAllProjects" time="5.124" errors="0" timestamp="2022-02-11T18:12:30 IST" skipped="0">
  <testcase classname="PracticeCRUDWithoutBDD.GetAllProjects" name="getAllProjects" time="5.124"/>
  <system-out/>
</testsuite> <!-- PracticeCRUDWithoutBDD.GetAllProjects -->
