<?xml version="1.0" encoding="UTF-8"?>
<!-- Generated by org.testng.reporters.JUnitReportReporter -->
<testsuite hostname="SUHASPAVILION" failures="0" tests="1" name="com.Authentication.BasicAuthTest" time="2.946" errors="0" timestamp="2022-02-11T16:55:06 IST" skipped="0">
  <testcase classname="com.Authentication.BasicAuthTest" name="basicAuth" time="2.946"/>
  <system-out/>
</testsuite> <!-- com.Authentication.BasicAuthTest -->
