<?xml version="1.0" encoding="UTF-8"?>
<!-- Generated by org.testng.reporters.JUnitReportReporter -->
<testsuite hostname="SUHASPAVILION" failures="0" tests="1" name="PracticeCRUDWithoutBDD.CreateProject" time="6.694" errors="0" timestamp="2022-02-11T18:09:48 IST" skipped="0">
  <testcase classname="PracticeCRUDWithoutBDD.CreateProject" name="CreateProject" time="6.694"/>
  <system-out/>
</testsuite> <!-- PracticeCRUDWithoutBDD.CreateProject -->
