<?xml version="1.0" encoding="UTF-8"?>
<!-- Generated by org.testng.reporters.JUnitReportReporter -->
<testsuite hostname="SUHASPAVILION" failures="0" tests="1" name="PracticeCRUDWithoutBDD.DeleteProject" time="5.323" errors="0" timestamp="2022-02-11T18:14:18 IST" skipped="0">
  <testcase classname="PracticeCRUDWithoutBDD.DeleteProject" name="deleteProject" time="5.323"/>
  <system-out/>
</testsuite> <!-- PracticeCRUDWithoutBDD.DeleteProject -->
