<?xml version="1.0" encoding="UTF-8"?>
<!-- Generated by org.testng.reporters.JUnitReportReporter -->
<testsuite hostname="SUHASPAVILION" failures="0" tests="1" name="com.Authentication.BearerToken" time="4.361" errors="0" timestamp="2022-02-11T16:50:21 IST" skipped="0">
  <testcase classname="com.Authentication.BearerToken" name="bearerToken" time="4.361"/>
  <system-out/>
</testsuite> <!-- com.Authentication.BearerToken -->
