<?xml version="1.0" encoding="UTF-8"?>
<!-- Generated by org.testng.reporters.JUnitReportReporter -->
<testsuite hostname="SUHASPAVILION" failures="0" tests="1" name="com.Authentication.Auth2" time="7.582" errors="0" timestamp="2022-02-11T17:51:11 IST" skipped="0">
  <testcase classname="com.Authentication.Auth2" name="auth" time="7.582"/>
  <system-out/>
</testsuite> <!-- com.Authentication.Auth2 -->
